{"C:\\Users\\MAREYESAR\\Documents\\me\\repositories\\APIS\\udemy\\node\\app.js": {"path":"C:\\Users\\MAREYESAR\\Documents\\me\\repositories\\APIS\\udemy\\node\\app.js","statementMap":{"0":{"start":{"line":1,"column":0},"end":{"line":1,"column":27}},"1":{"start":{"line":2,"column":16},"end":{"line":2,"column":34}},"2":{"start":{"line":3,"column":13},"end":{"line":3,"column":28}},"3":{"start":{"line":4,"column":18},"end":{"line":4,"column":47}},"4":{"start":{"line":5,"column":19},"end":{"line":5,"column":41}},"5":{"start":{"line":6,"column":29},"end":{"line":6,"column":54}},"6":{"start":{"line":7,"column":21},"end":{"line":7,"column":52}},"7":{"start":{"line":8,"column":23},"end":{"line":8,"column":48}},"8":{"start":{"line":9,"column":27},"end":{"line":9,"column":52}},"9":{"start":{"line":10,"column":12},"end":{"line":10,"column":21}},"10":{"start":{"line":12,"column":18},"end":{"line":12,"column":39}},"11":{"start":{"line":13,"column":17},"end":{"line":13,"column":54}},"12":{"start":{"line":15,"column":0},"end":{"line":15,"column":16}},"13":{"start":{"line":16,"column":0},"end":{"line":16,"column":24}},"14":{"start":{"line":17,"column":0},"end":{"line":17,"column":36}},"15":{"start":{"line":20,"column":0},"end":{"line":26,"column":2}},"16":{"start":{"line":24,"column":8},"end":{"line":24,"column":35}},"17":{"start":{"line":28,"column":13},"end":{"line":28,"column":37}},"18":{"start":{"line":35,"column":0},"end":{"line":38,"column":1}},"19":{"start":{"line":44,"column":0},"end":{"line":44,"column":37}},"20":{"start":{"line":46,"column":0},"end":{"line":50,"column":1}},"21":{"start":{"line":47,"column":4},"end":{"line":49,"column":7}},"22":{"start":{"line":48,"column":8},"end":{"line":48,"column":66}},"23":{"start":{"line":52,"column":0},"end":{"line":52,"column":64}},"24":{"start":{"line":54,"column":0},"end":{"line":54,"column":21}}},"fnMap":{"0":{"name":"(anonymous_0)","decl":{"start":{"line":23,"column":10},"end":{"line":23,"column":11}},"loc":{"start":{"line":23,"column":28},"end":{"line":25,"column":5}},"line":23},"1":{"name":"(anonymous_1)","decl":{"start":{"line":47,"column":21},"end":{"line":47,"column":22}},"loc":{"start":{"line":47,"column":27},"end":{"line":49,"column":5}},"line":47}},"branchMap":{"0":{"loc":{"start":{"line":13,"column":17},"end":{"line":13,"column":54}},"type":"binary-expr","locations":[{"start":{"line":13,"column":17},"end":{"line":13,"column":37}},{"start":{"line":13,"column":41},"end":{"line":13,"column":54}}],"line":13},"1":{"loc":{"start":{"line":28,"column":13},"end":{"line":28,"column":37}},"type":"binary-expr","locations":[{"start":{"line":28,"column":13},"end":{"line":28,"column":29}},{"start":{"line":28,"column":33},"end":{"line":28,"column":37}}],"line":28},"2":{"loc":{"start":{"line":46,"column":0},"end":{"line":50,"column":1}},"type":"if","locations":[{"start":{"line":46,"column":0},"end":{"line":50,"column":1}},{"start":{},"end":{}}],"line":46},"3":{"loc":{"start":{"line":52,"column":0},"end":{"line":52,"column":64}},"type":"cond-expr","locations":[{"start":{"line":52,"column":29},"end":{"line":52,"column":45}},{"start":{"line":52,"column":48},"end":{"line":52,"column":64}}],"line":52}},"s":{"0":3,"1":3,"2":3,"3":3,"4":3,"5":3,"6":3,"7":3,"8":3,"9":3,"10":3,"11":3,"12":3,"13":3,"14":3,"15":3,"16":16,"17":3,"18":3,"19":3,"20":3,"21":0,"22":0,"23":3,"24":3},"f":{"0":16,"1":0},"b":{"0":[3,0],"1":[3,0],"2":[0,3],"3":[3,0]},"_coverageSchema":"1a1c01bbd47fc00a2c39e90264f33305004495a9","hash":"6c4fa9f0c472dd6e4a9f873f13d3a541bee8de14"}
,"C:\\Users\\MAREYESAR\\Documents\\me\\repositories\\APIS\\udemy\\node\\config\\mongo.js": {"path":"C:\\Users\\MAREYESAR\\Documents\\me\\repositories\\APIS\\udemy\\node\\config\\mongo.js","statementMap":{"0":{"start":{"line":1,"column":17},"end":{"line":1,"column":36}},"1":{"start":{"line":3,"column":17},"end":{"line":3,"column":37}},"2":{"start":{"line":5,"column":18},"end":{"line":14,"column":1}},"3":{"start":{"line":6,"column":4},"end":{"line":13,"column":5}},"4":{"start":{"line":7,"column":8},"end":{"line":7,"column":41}},"5":{"start":{"line":8,"column":23},"end":{"line":8,"column":91}},"6":{"start":{"line":9,"column":8},"end":{"line":9,"column":39}},"7":{"start":{"line":10,"column":8},"end":{"line":10,"column":54}},"8":{"start":{"line":12,"column":8},"end":{"line":12,"column":46}},"9":{"start":{"line":16,"column":0},"end":{"line":16,"column":27}}},"fnMap":{"0":{"name":"(anonymous_0)","decl":{"start":{"line":5,"column":18},"end":{"line":5,"column":19}},"loc":{"start":{"line":5,"column":30},"end":{"line":14,"column":1}},"line":5}},"branchMap":{"0":{"loc":{"start":{"line":8,"column":23},"end":{"line":8,"column":91}},"type":"cond-expr","locations":[{"start":{"line":8,"column":47},"end":{"line":8,"column":70}},{"start":{"line":8,"column":73},"end":{"line":8,"column":91}}],"line":8}},"s":{"0":3,"1":3,"2":3,"3":3,"4":3,"5":3,"6":3,"7":1,"8":0,"9":3},"f":{"0":3},"b":{"0":[3,0]},"_coverageSchema":"1a1c01bbd47fc00a2c39e90264f33305004495a9","hash":"5e124490aada3880bac8bebc460a85aabe1f6aef"}
,"C:\\Users\\MAREYESAR\\Documents\\me\\repositories\\APIS\\udemy\\node\\controllers\\auth.js": {"path":"C:\\Users\\MAREYESAR\\Documents\\me\\repositories\\APIS\\udemy\\node\\controllers\\auth.js","statementMap":{"0":{"start":{"line":1,"column":24},"end":{"line":1,"column":52}},"1":{"start":{"line":2,"column":22},"end":{"line":2,"column":42}},"2":{"start":{"line":3,"column":29},"end":{"line":3,"column":63}},"3":{"start":{"line":4,"column":22},"end":{"line":4,"column":51}},"4":{"start":{"line":5,"column":28},"end":{"line":5,"column":59}},"5":{"start":{"line":35,"column":21},"end":{"line":51,"column":1}},"6":{"start":{"line":36,"column":4},"end":{"line":50,"column":5}},"7":{"start":{"line":37,"column":8},"end":{"line":37,"column":31}},"8":{"start":{"line":38,"column":29},"end":{"line":38,"column":56}},"9":{"start":{"line":39,"column":21},"end":{"line":39,"column":53}},"10":{"start":{"line":40,"column":25},"end":{"line":40,"column":53}},"11":{"start":{"line":42,"column":21},"end":{"line":45,"column":9}},"12":{"start":{"line":46,"column":8},"end":{"line":46,"column":24}},"13":{"start":{"line":47,"column":8},"end":{"line":47,"column":24}},"14":{"start":{"line":49,"column":8},"end":{"line":49,"column":51}},"15":{"start":{"line":58,"column":18},"end":{"line":86,"column":1}},"16":{"start":{"line":59,"column":4},"end":{"line":85,"column":5}},"17":{"start":{"line":60,"column":8},"end":{"line":60,"column":31}},"18":{"start":{"line":61,"column":21},"end":{"line":61,"column":66}},"19":{"start":{"line":62,"column":8},"end":{"line":65,"column":9}},"20":{"start":{"line":63,"column":12},"end":{"line":63,"column":57}},"21":{"start":{"line":64,"column":12},"end":{"line":64,"column":18}},"22":{"start":{"line":67,"column":29},"end":{"line":67,"column":42}},"23":{"start":{"line":68,"column":22},"end":{"line":68,"column":63}},"24":{"start":{"line":70,"column":8},"end":{"line":73,"column":9}},"25":{"start":{"line":71,"column":12},"end":{"line":71,"column":58}},"26":{"start":{"line":72,"column":12},"end":{"line":72,"column":18}},"27":{"start":{"line":75,"column":8},"end":{"line":75,"column":58}},"28":{"start":{"line":76,"column":21},"end":{"line":79,"column":9}},"29":{"start":{"line":80,"column":8},"end":{"line":80,"column":23}},"30":{"start":{"line":81,"column":8},"end":{"line":81,"column":24}},"31":{"start":{"line":84,"column":8},"end":{"line":84,"column":48}},"32":{"start":{"line":88,"column":0},"end":{"line":88,"column":45}}},"fnMap":{"0":{"name":"(anonymous_0)","decl":{"start":{"line":35,"column":21},"end":{"line":35,"column":22}},"loc":{"start":{"line":35,"column":41},"end":{"line":51,"column":1}},"line":35},"1":{"name":"(anonymous_1)","decl":{"start":{"line":58,"column":18},"end":{"line":58,"column":19}},"loc":{"start":{"line":58,"column":38},"end":{"line":86,"column":1}},"line":58}},"branchMap":{"0":{"loc":{"start":{"line":62,"column":8},"end":{"line":65,"column":9}},"type":"if","locations":[{"start":{"line":62,"column":8},"end":{"line":65,"column":9}},{"start":{},"end":{}}],"line":62},"1":{"loc":{"start":{"line":70,"column":8},"end":{"line":73,"column":9}},"type":"if","locations":[{"start":{"line":70,"column":8},"end":{"line":73,"column":9}},{"start":{},"end":{}}],"line":70}},"s":{"0":3,"1":3,"2":3,"3":3,"4":3,"5":3,"6":1,"7":1,"8":1,"9":1,"10":1,"11":1,"12":1,"13":1,"14":0,"15":3,"16":3,"17":3,"18":3,"19":3,"20":1,"21":1,"22":2,"23":2,"24":2,"25":1,"26":1,"27":1,"28":1,"29":1,"30":1,"31":0,"32":3},"f":{"0":1,"1":3},"b":{"0":[1,2],"1":[1,1]},"_coverageSchema":"1a1c01bbd47fc00a2c39e90264f33305004495a9","hash":"e526ea1ba9457b22a43a365bec6d32c7e4ed4a1b"}
,"C:\\Users\\MAREYESAR\\Documents\\me\\repositories\\APIS\\udemy\\node\\controllers\\storage.js": {"path":"C:\\Users\\MAREYESAR\\Documents\\me\\repositories\\APIS\\udemy\\node\\controllers\\storage.js","statementMap":{"0":{"start":{"line":1,"column":11},"end":{"line":1,"column":24}},"1":{"start":{"line":2,"column":25},"end":{"line":2,"column":45}},"2":{"start":{"line":3,"column":24},"end":{"line":3,"column":52}},"3":{"start":{"line":4,"column":28},"end":{"line":4,"column":59}},"4":{"start":{"line":5,"column":19},"end":{"line":5,"column":41}},"5":{"start":{"line":6,"column":19},"end":{"line":6,"column":44}},"6":{"start":{"line":13,"column":17},"end":{"line":20,"column":1}},"7":{"start":{"line":14,"column":4},"end":{"line":19,"column":5}},"8":{"start":{"line":15,"column":21},"end":{"line":15,"column":48}},"9":{"start":{"line":16,"column":8},"end":{"line":16,"column":24}},"10":{"start":{"line":18,"column":8},"end":{"line":18,"column":55}},"11":{"start":{"line":27,"column":16},"end":{"line":35,"column":1}},"12":{"start":{"line":28,"column":4},"end":{"line":34,"column":5}},"13":{"start":{"line":29,"column":23},"end":{"line":29,"column":39}},"14":{"start":{"line":30,"column":21},"end":{"line":30,"column":52}},"15":{"start":{"line":31,"column":8},"end":{"line":31,"column":24}},"16":{"start":{"line":33,"column":8},"end":{"line":33,"column":54}},"17":{"start":{"line":42,"column":19},"end":{"line":55,"column":1}},"18":{"start":{"line":43,"column":4},"end":{"line":54,"column":5}},"19":{"start":{"line":44,"column":31},"end":{"line":44,"column":34}},"20":{"start":{"line":45,"column":25},"end":{"line":48,"column":9}},"21":{"start":{"line":49,"column":21},"end":{"line":49,"column":56}},"22":{"start":{"line":50,"column":8},"end":{"line":50,"column":24}},"23":{"start":{"line":51,"column":8},"end":{"line":51,"column":27}},"24":{"start":{"line":53,"column":8},"end":{"line":53,"column":57}},"25":{"start":{"line":62,"column":19},"end":{"line":84,"column":1}},"26":{"start":{"line":63,"column":4},"end":{"line":83,"column":5}},"27":{"start":{"line":64,"column":8},"end":{"line":80,"column":9}},"28":{"start":{"line":65,"column":27},"end":{"line":65,"column":43}},"29":{"start":{"line":66,"column":29},"end":{"line":66,"column":60}},"30":{"start":{"line":67,"column":35},"end":{"line":67,"column":71}},"31":{"start":{"line":69,"column":33},"end":{"line":69,"column":41}},"32":{"start":{"line":70,"column":29},"end":{"line":70,"column":56}},"33":{"start":{"line":73,"column":25},"end":{"line":76,"column":13}},"34":{"start":{"line":77,"column":12},"end":{"line":77,"column":28}},"35":{"start":{"line":79,"column":12},"end":{"line":79,"column":54}},"36":{"start":{"line":86,"column":0},"end":{"line":86,"column":64}}},"fnMap":{"0":{"name":"(anonymous_0)","decl":{"start":{"line":13,"column":17},"end":{"line":13,"column":18}},"loc":{"start":{"line":13,"column":37},"end":{"line":20,"column":1}},"line":13},"1":{"name":"(anonymous_1)","decl":{"start":{"line":27,"column":16},"end":{"line":27,"column":17}},"loc":{"start":{"line":27,"column":36},"end":{"line":35,"column":1}},"line":27},"2":{"name":"(anonymous_2)","decl":{"start":{"line":42,"column":19},"end":{"line":42,"column":20}},"loc":{"start":{"line":42,"column":39},"end":{"line":55,"column":1}},"line":42},"3":{"name":"(anonymous_3)","decl":{"start":{"line":62,"column":19},"end":{"line":62,"column":20}},"loc":{"start":{"line":62,"column":39},"end":{"line":84,"column":1}},"line":62}},"branchMap":{},"s":{"0":3,"1":3,"2":3,"3":3,"4":3,"5":3,"6":3,"7":0,"8":0,"9":0,"10":0,"11":3,"12":0,"13":0,"14":0,"15":0,"16":0,"17":3,"18":0,"19":0,"20":0,"21":0,"22":0,"23":0,"24":0,"25":3,"26":0,"27":0,"28":0,"29":0,"30":0,"31":0,"32":0,"33":0,"34":0,"35":0,"36":3},"f":{"0":0,"1":0,"2":0,"3":0},"b":{},"_coverageSchema":"1a1c01bbd47fc00a2c39e90264f33305004495a9","hash":"697be19819dd86a08b60717fcab32d8615837763"}
,"C:\\Users\\MAREYESAR\\Documents\\me\\repositories\\APIS\\udemy\\node\\controllers\\tracks.js": {"path":"C:\\Users\\MAREYESAR\\Documents\\me\\repositories\\APIS\\udemy\\node\\controllers\\tracks.js","statementMap":{"0":{"start":{"line":1,"column":24},"end":{"line":1,"column":52}},"1":{"start":{"line":2,"column":24},"end":{"line":2,"column":44}},"2":{"start":{"line":3,"column":28},"end":{"line":3,"column":59}},"3":{"start":{"line":10,"column":17},"end":{"line":18,"column":1}},"4":{"start":{"line":11,"column":4},"end":{"line":17,"column":5}},"5":{"start":{"line":12,"column":21},"end":{"line":12,"column":29}},"6":{"start":{"line":13,"column":21},"end":{"line":13,"column":52}},"7":{"start":{"line":14,"column":8},"end":{"line":14,"column":34}},"8":{"start":{"line":16,"column":8},"end":{"line":16,"column":47}},"9":{"start":{"line":25,"column":16},"end":{"line":34,"column":1}},"10":{"start":{"line":26,"column":4},"end":{"line":33,"column":5}},"11":{"start":{"line":27,"column":8},"end":{"line":27,"column":31}},"12":{"start":{"line":28,"column":23},"end":{"line":28,"column":26}},"13":{"start":{"line":29,"column":21},"end":{"line":29,"column":54}},"14":{"start":{"line":30,"column":8},"end":{"line":30,"column":24}},"15":{"start":{"line":32,"column":8},"end":{"line":32,"column":46}},"16":{"start":{"line":41,"column":19},"end":{"line":50,"column":1}},"17":{"start":{"line":42,"column":4},"end":{"line":49,"column":5}},"18":{"start":{"line":43,"column":21},"end":{"line":43,"column":37}},"19":{"start":{"line":44,"column":21},"end":{"line":44,"column":51}},"20":{"start":{"line":45,"column":8},"end":{"line":45,"column":24}},"21":{"start":{"line":46,"column":8},"end":{"line":46,"column":27}},"22":{"start":{"line":48,"column":8},"end":{"line":48,"column":49}},"23":{"start":{"line":57,"column":19},"end":{"line":67,"column":1}},"24":{"start":{"line":58,"column":4},"end":{"line":66,"column":5}},"25":{"start":{"line":59,"column":30},"end":{"line":59,"column":46}},"26":{"start":{"line":60,"column":21},"end":{"line":62,"column":9}},"27":{"start":{"line":63,"column":8},"end":{"line":63,"column":27}},"28":{"start":{"line":65,"column":8},"end":{"line":65,"column":49}},"29":{"start":{"line":74,"column":19},"end":{"line":87,"column":1}},"30":{"start":{"line":75,"column":4},"end":{"line":86,"column":5}},"31":{"start":{"line":76,"column":8},"end":{"line":76,"column":31}},"32":{"start":{"line":77,"column":23},"end":{"line":77,"column":26}},"33":{"start":{"line":79,"column":31},"end":{"line":79,"column":65}},"34":{"start":{"line":80,"column":21},"end":{"line":82,"column":9}},"35":{"start":{"line":83,"column":8},"end":{"line":83,"column":24}},"36":{"start":{"line":85,"column":8},"end":{"line":85,"column":49}},"37":{"start":{"line":89,"column":0},"end":{"line":89,"column":76}}},"fnMap":{"0":{"name":"(anonymous_0)","decl":{"start":{"line":10,"column":17},"end":{"line":10,"column":18}},"loc":{"start":{"line":10,"column":37},"end":{"line":18,"column":1}},"line":10},"1":{"name":"(anonymous_1)","decl":{"start":{"line":25,"column":16},"end":{"line":25,"column":17}},"loc":{"start":{"line":25,"column":36},"end":{"line":34,"column":1}},"line":25},"2":{"name":"(anonymous_2)","decl":{"start":{"line":41,"column":19},"end":{"line":41,"column":20}},"loc":{"start":{"line":41,"column":39},"end":{"line":50,"column":1}},"line":41},"3":{"name":"(anonymous_3)","decl":{"start":{"line":57,"column":19},"end":{"line":57,"column":20}},"loc":{"start":{"line":57,"column":39},"end":{"line":67,"column":1}},"line":57},"4":{"name":"(anonymous_4)","decl":{"start":{"line":74,"column":19},"end":{"line":74,"column":20}},"loc":{"start":{"line":74,"column":39},"end":{"line":87,"column":1}},"line":74}},"branchMap":{},"s":{"0":3,"1":3,"2":3,"3":3,"4":0,"5":0,"6":0,"7":0,"8":0,"9":3,"10":0,"11":0,"12":0,"13":0,"14":0,"15":0,"16":3,"17":0,"18":0,"19":0,"20":0,"21":0,"22":0,"23":3,"24":0,"25":0,"26":0,"27":0,"28":0,"29":3,"30":0,"31":0,"32":0,"33":0,"34":0,"35":0,"36":0,"37":3},"f":{"0":0,"1":0,"2":0,"3":0,"4":0},"b":{},"_coverageSchema":"1a1c01bbd47fc00a2c39e90264f33305004495a9","hash":"36fba4df4cef4a20633c90d2f05cf63f2758ef54"}
,"C:\\Users\\MAREYESAR\\Documents\\me\\repositories\\APIS\\udemy\\node\\models\\index.js": {"path":"C:\\Users\\MAREYESAR\\Documents\\me\\repositories\\APIS\\udemy\\node\\models\\index.js","statementMap":{"0":{"start":{"line":1,"column":18},"end":{"line":1,"column":39}},"1":{"start":{"line":3,"column":19},"end":{"line":3,"column":66}},"2":{"start":{"line":5,"column":15},"end":{"line":9,"column":1}},"3":{"start":{"line":11,"column":0},"end":{"line":11,"column":24}}},"fnMap":{},"branchMap":{"0":{"loc":{"start":{"line":3,"column":19},"end":{"line":3,"column":66}},"type":"cond-expr","locations":[{"start":{"line":3,"column":45},"end":{"line":3,"column":54}},{"start":{"line":3,"column":57},"end":{"line":3,"column":66}}],"line":3}},"s":{"0":3,"1":3,"2":3,"3":3},"f":{},"b":{"0":[3,0]},"_coverageSchema":"1a1c01bbd47fc00a2c39e90264f33305004495a9","hash":"04e8cc64dac0dda54fd087654ed21cd09b10d37f"}
,"C:\\Users\\MAREYESAR\\Documents\\me\\repositories\\APIS\\udemy\\node\\models\\nosql\\tracks.js": {"path":"C:\\Users\\MAREYESAR\\Documents\\me\\repositories\\APIS\\udemy\\node\\models\\nosql\\tracks.js","statementMap":{"0":{"start":{"line":1,"column":17},"end":{"line":1,"column":36}},"1":{"start":{"line":2,"column":23},"end":{"line":2,"column":49}},"2":{"start":{"line":4,"column":21},"end":{"line":48,"column":1}},"3":{"start":{"line":16,"column":20},"end":{"line":16,"column":32}},"4":{"start":{"line":53,"column":0},"end":{"line":66,"column":2}},"5":{"start":{"line":54,"column":21},"end":{"line":64,"column":6}},"6":{"start":{"line":65,"column":4},"end":{"line":65,"column":20}},"7":{"start":{"line":68,"column":0},"end":{"line":99,"column":2}},"8":{"start":{"line":70,"column":4},"end":{"line":98,"column":5}},"9":{"start":{"line":71,"column":8},"end":{"line":73,"column":9}},"10":{"start":{"line":72,"column":12},"end":{"line":72,"column":49}},"11":{"start":{"line":75,"column":25},"end":{"line":92,"column":17}},"12":{"start":{"line":94,"column":8},"end":{"line":94,"column":52}},"13":{"start":{"line":96,"column":8},"end":{"line":96,"column":54}},"14":{"start":{"line":97,"column":8},"end":{"line":97,"column":20}},"15":{"start":{"line":119,"column":0},"end":{"line":119,"column":64}},"16":{"start":{"line":120,"column":0},"end":{"line":120,"column":55}}},"fnMap":{"0":{"name":"(anonymous_0)","decl":{"start":{"line":15,"column":27},"end":{"line":15,"column":28}},"loc":{"start":{"line":15,"column":36},"end":{"line":17,"column":17}},"line":15},"1":{"name":"(anonymous_1)","decl":{"start":{"line":53,"column":35},"end":{"line":53,"column":36}},"loc":{"start":{"line":53,"column":47},"end":{"line":66,"column":1}},"line":53},"2":{"name":"(anonymous_2)","decl":{"start":{"line":68,"column":35},"end":{"line":68,"column":36}},"loc":{"start":{"line":68,"column":55},"end":{"line":99,"column":1}},"line":68}},"branchMap":{"0":{"loc":{"start":{"line":71,"column":8},"end":{"line":73,"column":9}},"type":"if","locations":[{"start":{"line":71,"column":8},"end":{"line":73,"column":9}},{"start":{},"end":{}}],"line":71},"1":{"loc":{"start":{"line":94,"column":15},"end":{"line":94,"column":51}},"type":"cond-expr","locations":[{"start":{"line":94,"column":33},"end":{"line":94,"column":44}},{"start":{"line":94,"column":47},"end":{"line":94,"column":51}}],"line":94}},"s":{"0":3,"1":3,"2":3,"3":0,"4":3,"5":0,"6":0,"7":3,"8":0,"9":0,"10":0,"11":0,"12":0,"13":0,"14":0,"15":3,"16":3},"f":{"0":0,"1":0,"2":0},"b":{"0":[0,0],"1":[0,0]},"_coverageSchema":"1a1c01bbd47fc00a2c39e90264f33305004495a9","hash":"55a95d7287db07ec52b0f72935b9ded5aedc1eac"}
,"C:\\Users\\MAREYESAR\\Documents\\me\\repositories\\APIS\\udemy\\node\\test\\helper\\helperData.js": {"path":"C:\\Users\\MAREYESAR\\Documents\\me\\repositories\\APIS\\udemy\\node\\test\\helper\\helperData.js","statementMap":{"0":{"start":{"line":1,"column":22},"end":{"line":4,"column":1}},"1":{"start":{"line":6,"column":25},"end":{"line":11,"column":1}},"2":{"start":{"line":13,"column":30},"end":{"line":19,"column":1}},"3":{"start":{"line":21,"column":28},"end":{"line":24,"column":1}},"4":{"start":{"line":26,"column":22},"end":{"line":40,"column":1}},"5":{"start":{"line":43,"column":0},"end":{"line":49,"column":1}}},"fnMap":{},"branchMap":{},"s":{"0":3,"1":3,"2":3,"3":3,"4":3,"5":3},"f":{},"b":{},"_coverageSchema":"1a1c01bbd47fc00a2c39e90264f33305004495a9","hash":"f37cfadafcb2d0736e5511d2f499ea4789dc64d9"}
,"C:\\Users\\MAREYESAR\\Documents\\me\\repositories\\APIS\\udemy\\node\\utils\\handleJwt.js": {"path":"C:\\Users\\MAREYESAR\\Documents\\me\\repositories\\APIS\\udemy\\node\\utils\\handleJwt.js","statementMap":{"0":{"start":{"line":1,"column":12},"end":{"line":1,"column":35}},"1":{"start":{"line":2,"column":19},"end":{"line":2,"column":41}},"2":{"start":{"line":3,"column":22},"end":{"line":3,"column":57}},"3":{"start":{"line":4,"column":22},"end":{"line":4,"column":37}},"4":{"start":{"line":10,"column":18},"end":{"line":23,"column":1}},"5":{"start":{"line":11,"column":17},"end":{"line":20,"column":5}},"6":{"start":{"line":22,"column":4},"end":{"line":22,"column":16}},"7":{"start":{"line":29,"column":19},"end":{"line":35,"column":1}},"8":{"start":{"line":30,"column":4},"end":{"line":34,"column":5}},"9":{"start":{"line":31,"column":8},"end":{"line":31,"column":48}},"10":{"start":{"line":33,"column":8},"end":{"line":33,"column":20}},"11":{"start":{"line":37,"column":0},"end":{"line":37,"column":43}}},"fnMap":{"0":{"name":"(anonymous_0)","decl":{"start":{"line":10,"column":18},"end":{"line":10,"column":19}},"loc":{"start":{"line":10,"column":34},"end":{"line":23,"column":1}},"line":10},"1":{"name":"(anonymous_1)","decl":{"start":{"line":29,"column":19},"end":{"line":29,"column":20}},"loc":{"start":{"line":29,"column":39},"end":{"line":35,"column":1}},"line":29}},"branchMap":{},"s":{"0":3,"1":3,"2":3,"3":3,"4":3,"5":2,"6":2,"7":3,"8":0,"9":0,"10":0,"11":3},"f":{"0":2,"1":0},"b":{},"_coverageSchema":"1a1c01bbd47fc00a2c39e90264f33305004495a9","hash":"13c1fdb20ea706aa98715bc63bec9ca900522395"}
}
